[    0.000000] Linux version 4.15.0-213-generic (buildd@lcy02-amd64-079) (gcc version 7.5.0 (Ubuntu 7.5.0-3ubuntu1~18.04)) #224-Ubuntu SMP Mon Jun 19 13:30:12 UTC 2023 (Ubuntu 4.15.0-213.224-generic 4.15.18)
[    0.000000] Command line: BOOT_IMAGE=/boot/vmlinuz-4.15.0-213-generic root=UUID=f685bb41-0e3b-40c4-89c1-eea0f0583525 ro console=tty1 console=ttyS0
[    0.000000] KERNEL supported cpus:
[    0.000000]   Intel GenuineIntel
[    0.000000]   AMD AuthenticAMD
[    0.000000]   Centaur CentaurHauls
[    0.000000] x86/fpu: Supporting XSAVE feature 0x001: 'x87 floating point registers'
[    0.000000] x86/fpu: Supporting XSAVE feature 0x002: 'SSE registers'
[    0.000000] x86/fpu: Supporting XSAVE feature 0x004: 'AVX registers'
[    0.000000] x86/fpu: xstate_offset[2]:  576, xstate_sizes[2]:  256
[    0.000000] x86/fpu: Enabled xstate features 0x7, context size is 832 bytes, using 'standard' format.
[    0.000000] e820: BIOS-provided physical RAM map:
[    0.000000] BIOS-e820: [mem 0x0000000000000000-0x000000000009fbff] usable
[    0.000000] BIOS-e820: [mem 0x000000000009fc00-0x000000000009ffff] reserved
[    0.000000] BIOS-e820: [mem 0x00000000000f0000-0x00000000000fffff] reserved
[    0.000000] BIOS-e820: [mem 0x0000000000100000-0x0000000018feffff] usable
[    0.000000] BIOS-e820: [mem 0x0000000018ff0000-0x0000000018ffffff] ACPI data
[    0.000000] BIOS-e820: [mem 0x00000000fec00000-0x00000000fec00fff] reserved
[    0.000000] BIOS-e820: [mem 0x00000000fee00000-0x00000000fee00fff] reserved
[    0.000000] BIOS-e820: [mem 0x00000000fffc0000-0x00000000ffffffff] reserved
[    0.000000] NX (Execute Disable) protection: active
[    0.000000] SMBIOS 2.5 present.
[    0.000000] DMI: innotek GmbH VirtualBox/VirtualBox, BIOS VirtualBox 12/01/2006
[    0.000000] Hypervisor detected: KVM
[    0.000000] e820: last_pfn = 0x18ff0 max_arch_pfn = 0x400000000
[    0.000000] MTRR: Disabled
[    0.000000] x86/PAT: MTRRs disabled, skipping PAT initialization too.
[    0.000000] CPU MTRRs all blank - virtualized system.
[    0.000000] x86/PAT: Configuration [0-7]: WB  WT  UC- UC  WB  WT  UC- UC  
[    0.000000] found SMP MP-table at [mem 0x0009fff0-0x0009ffff]
[    0.000000] Scanning 1 areas for low memory corruption
[    0.000000] RAMDISK: [mem 0x16a1a000-0x17e04fff]
[    0.000000] ACPI: Early table checksum verification disabled
[    0.000000] ACPI: RSDP 0x00000000000E0000 000024 (v02 VBOX  )
[    0.000000] ACPI: XSDT 0x0000000018FF0030 00003C (v01 VBOX   VBOXXSDT 00000001 ASL  00000061)
[    0.000000] ACPI: FACP 0x0000000018FF00F0 0000F4 (v04 VBOX   VBOXFACP 00000001 ASL  00000061)
[    0.000000] ACPI: DSDT 0x0000000018FF0610 002353 (v02 VBOX   VBOXBIOS 00000002 INTL 20200925)
[    0.000000] ACPI: FACS 0x0000000018FF0200 000040
[    0.000000] ACPI: FACS 0x0000000018FF0200 000040
[    0.000000] ACPI: APIC 0x0000000018FF0240 000054 (v02 VBOX   VBOXAPIC 00000001 ASL  00000061)
[    0.000000] ACPI: SSDT 0x0000000018FF02A0 00036C (v01 VBOX   VBOXCPUT 00000002 INTL 20200925)
[    0.000000] ACPI: Reserving FACP table memory at [mem 0x18ff00f0-0x18ff01e3]
[    0.000000] ACPI: Reserving DSDT table memory at [mem 0x18ff0610-0x18ff2962]
[    0.000000] ACPI: Reserving FACS table memory at [mem 0x18ff0200-0x18ff023f]
[    0.000000] ACPI: Reserving FACS table memory at [mem 0x18ff0200-0x18ff023f]
[    0.000000] ACPI: Reserving APIC table memory at [mem 0x18ff0240-0x18ff0293]
[    0.000000] ACPI: Reserving SSDT table memory at [mem 0x18ff02a0-0x18ff060b]
[    0.000000] No NUMA configuration found
[    0.000000] Faking a node at [mem 0x0000000000000000-0x0000000018feffff]
[    0.000000] NODE_DATA(0) allocated [mem 0x18fc5000-0x18feffff]
[    0.000000] kvm-clock: cpu 0, msr 0:18f44001, primary cpu clock
[    0.000000] kvm-clock: Using msrs 4b564d01 and 4b564d00
[    0.000000] kvm-clock: using sched offset of 3472182445 cycles
[    0.000000] clocksource: kvm-clock: mask: 0xffffffffffffffff max_cycles: 0x1cd42e4dffb, max_idle_ns: 881590591483 ns
[    0.000000] Zone ranges:
[    0.000000]   DMA      [mem 0x0000000000001000-0x0000000000ffffff]
[    0.000000]   DMA32    [mem 0x0000000001000000-0x0000000018feffff]
[    0.000000]   Normal   empty
[    0.000000]   Device   empty
[    0.000000] Movable zone start for each node
[    0.000000] Early memory node ranges
[    0.000000]   node   0: [mem 0x0000000000001000-0x000000000009efff]
[    0.000000]   node   0: [mem 0x0000000000100000-0x0000000018feffff]
[    0.000000] Reserved but unavailable: 104 pages
[    0.000000] Initmem setup node 0 [mem 0x0000000000001000-0x0000000018feffff]
[    0.000000] ACPI: PM-Timer IO Port: 0x4008
[    0.000000] IOAPIC[0]: apic_id 1, version 32, address 0xfec00000, GSI 0-23
[    0.000000] ACPI: INT_SRC_OVR (bus 0 bus_irq 0 global_irq 2 dfl dfl)
[    0.000000] ACPI: INT_SRC_OVR (bus 0 bus_irq 9 global_irq 9 low level)
[    0.000000] Using ACPI (MADT) for SMP configuration information
[    0.000000] smpboot: Allowing 1 CPUs, 0 hotplug CPUs
[    0.000000] PM: Registered nosave memory: [mem 0x00000000-0x00000fff]
[    0.000000] PM: Registered nosave memory: [mem 0x0009f000-0x0009ffff]
[    0.000000] PM: Registered nosave memory: [mem 0x000a0000-0x000effff]
[    0.000000] PM: Registered nosave memory: [mem 0x000f0000-0x000fffff]
[    0.000000] e820: [mem 0x19000000-0xfebfffff] available for PCI devices
[    0.000000] Booting paravirtualized kernel on KVM
[    0.000000] clocksource: refined-jiffies: mask: 0xffffffff max_cycles: 0xffffffff, max_idle_ns: 7645519600211568 ns
[    0.000000] setup_percpu: NR_CPUS:8192 nr_cpumask_bits:1 nr_cpu_ids:1 nr_node_ids:1
[    0.000000] percpu: Embedded 50 pages/cpu s167936 r8192 d28672 u2097152
[    0.000000] PV qspinlock hash table entries: 256 (order: 0, 4096 bytes)
[    0.000000] Built 1 zonelists, mobility grouping on.  Total pages: 100665
[    0.000000] Policy zone: DMA32
[    0.000000] Kernel command line: BOOT_IMAGE=/boot/vmlinuz-4.15.0-213-generic root=UUID=f685bb41-0e3b-40c4-89c1-eea0f0583525 ro console=tty1 console=ttyS0
[    0.000000] Memory: 351192K/409144K available (12300K kernel code, 2477K rwdata, 4324K rodata, 2480K init, 2720K bss, 57952K reserved, 0K cma-reserved)
[    0.000000] SLUB: HWalign=64, Order=0-3, MinObjects=0, CPUs=1, Nodes=1
[    0.000000] Kernel/User page tables isolation: enabled
[    0.000000] ftrace: allocating 39508 entries in 155 pages
[    0.004000] Hierarchical RCU implementation.
[    0.004000] 	RCU restricting CPUs from NR_CPUS=8192 to nr_cpu_ids=1.
[    0.004000] 	Tasks RCU enabled.
[    0.004000] RCU: Adjusting geometry for rcu_fanout_leaf=16, nr_cpu_ids=1
[    0.004000] NR_IRQS: 524544, nr_irqs: 256, preallocated irqs: 16
[    0.004000] Console: colour VGA+ 80x25
[    0.004000] console [tty1] enabled
[    0.004000] console [ttyS0] enabled
[    0.004000] ACPI: Core revision 20170831
[    0.004000] ACPI: 2 ACPI AML tables successfully acquired and loaded
[    0.004000] APIC: Switch to symmetric I/O mode setup
[    0.004000] x2apic enabled
[    0.004000] Switched APIC routing to physical x2apic.
[    0.004000] ..TIMER: vector=0x30 apic1=0 pin1=2 apic2=-1 pin2=-1
[    0.004005] tsc: Detected 3092.966 MHz processor
[    0.004691] Calibrating delay loop (skipped) preset value.. 6185.93 BogoMIPS (lpj=12371864)
[    0.005399] pid_max: default: 32768 minimum: 301
[    0.006165] Security Framework initialized
[    0.006881] Yama: becoming mindful.
[    0.008027] AppArmor: AppArmor initialized
[    0.008760] Dentry cache hash table entries: 65536 (order: 7, 524288 bytes)
[    0.009814] Inode-cache hash table entries: 32768 (order: 6, 262144 bytes)
[    0.010888] Mount-cache hash table entries: 1024 (order: 1, 8192 bytes)
[    0.012004] Mountpoint-cache hash table entries: 1024 (order: 1, 8192 bytes)
[    0.013429] process: using mwait in idle threads
[    0.014237] Last level iTLB entries: 4KB 512, 2MB 8, 4MB 8
[    0.015104] Last level dTLB entries: 4KB 512, 2MB 32, 4MB 32, 1GB 0
[    0.016002] Spectre V1 : Mitigation: usercopy/swapgs barriers and __user pointer sanitization
[    0.017246] Spectre V2 : Mitigation: Retpolines
[    0.017977] Spectre V2 : Spectre v2 / SpectreRSB mitigation: Filling RSB on context switch
[    0.019360] Spectre V2 : Spectre v2 / SpectreRSB : Filling RSB on VMEXIT
[    0.020002] Speculative Store Bypass: Vulnerable
[    0.020709] MDS: Mitigation: Clear CPU buffers
[    0.021538] MMIO Stale Data: Unknown: No mitigations
[    0.031209] Freeing SMP alternatives memory: 36K
[    0.142188] smpboot: CPU0: Intel(R) Core(TM) i5-2400 CPU @ 3.10GHz (family: 0x6, model: 0x2a, stepping: 0x7)
[    0.143838] Performance Events: unsupported p6 CPU model 42 no PMU driver, software events only.
[    0.144000] Hierarchical SRCU implementation.
[    0.144029] NMI watchdog: Perf event create on CPU 0 failed with -2
[    0.144987] NMI watchdog: Perf NMI watchdog permanently disabled
[    0.145959] smp: Bringing up secondary CPUs ...
[    0.146771] smp: Brought up 1 node, 1 CPU
[    0.147391] smpboot: Max logical packages: 1
[    0.148000] smpboot: Total of 1 processors activated (6185.93 BogoMIPS)
[    0.148111] devtmpfs: initialized
[    0.148685] x86/mm: Memory block size: 128MB
[    0.149543] evm: security.selinux
[    0.150089] evm: security.SMACK64
[    0.150643] evm: security.SMACK64EXEC
[    0.152004] evm: security.SMACK64TRANSMUTE
[    0.152644] evm: security.SMACK64MMAP
[    0.153288] evm: security.apparmor
[    0.153929] evm: security.ima
[    0.154480] evm: security.capability
[    0.155239] clocksource: jiffies: mask: 0xffffffff max_cycles: 0xffffffff, max_idle_ns: 7645041785100000 ns
[    0.156010] futex hash table entries: 256 (order: 2, 16384 bytes)
[    0.156985] pinctrl core: initialized pinctrl subsystem
[    0.157995] RTC time: 16:18:31, date: 07/23/24
[    0.158880] NET: Registered protocol family 16
[    0.160079] audit: initializing netlink subsys (disabled)
[    0.161098] cpuidle: using governor ladder
[    0.161741] cpuidle: using governor menu
[    0.162526] ACPI: bus type PCI registered
[    0.163211] acpiphp: ACPI Hot Plug PCI Controller Driver version: 0.5
[    0.164008] audit: type=2000 audit(1721751516.175:1): state=initialized audit_enabled=0 res=1
[    0.165341] PCI: Using configuration type 1 for base access
[    0.168150] HugeTLB registered 2.00 MiB page size, pre-allocated 0 pages
[    0.169396] ACPI: Added _OSI(Module Device)
[    0.170043] ACPI: Added _OSI(Processor Device)
[    0.170730] ACPI: Added _OSI(3.0 _SCP Extensions)
[    0.171499] ACPI: Added _OSI(Processor Aggregator Device)
[    0.172007] ACPI: Added _OSI(Linux-Dell-Video)
[    0.172710] ACPI: Added _OSI(Linux-Lenovo-NV-HDMI-Audio)
[    0.173555] ACPI: Added _OSI(Linux-HPI-Hybrid-Graphics)
[    0.174618] ACPI: Executed 1 blocks of module-level executable AML code
[    0.178877] ACPI: Interpreter enabled
[    0.179542] ACPI: (supports S0 S5)
[    0.180000] ACPI: Using IOAPIC for interrupt routing
[    0.180235] PCI: Using host bridge windows from ACPI; if necessary, use "pci=nocrs" and report a bug
[    0.181730] ACPI: Enabled 2 GPEs in block 00 to 07
[    0.189531] ACPI: PCI Root Bridge [PCI0] (domain 0000 [bus 00-ff])
[    0.190565] acpi PNP0A03:00: _OSC: OS supports [ASPM ClockPM Segments MSI]
[    0.192000] acpi PNP0A03:00: _OSC: not requesting OS control; OS requires [ExtendedConfig ASPM ClockPM MSI]
[    0.192015] acpi PNP0A03:00: fail to add MMCONFIG information, can't access extended PCI configuration space under this bridge.
[    0.194189] PCI host bridge to bus 0000:00
[    0.196003] pci_bus 0000:00: root bus resource [io  0x0000-0x0cf7 window]
[    0.196968] pci_bus 0000:00: root bus resource [io  0x0d00-0xffff window]
[    0.198046] pci_bus 0000:00: root bus resource [mem 0x000a0000-0x000bffff window]
[    0.199247] pci_bus 0000:00: root bus resource [mem 0x19000000-0xfdffffff window]
[    0.200003] pci_bus 0000:00: root bus resource [bus 00-ff]
[    0.204053] pci 0000:00:01.1: legacy IDE quirk: reg 0x10: [io  0x01f0-0x01f7]
[    0.205163] pci 0000:00:01.1: legacy IDE quirk: reg 0x14: [io  0x03f6]
[    0.206207] pci 0000:00:01.1: legacy IDE quirk: reg 0x18: [io  0x0170-0x0177]
[    0.207321] pci 0000:00:01.1: legacy IDE quirk: reg 0x1c: [io  0x0376]
[    0.215171] pci 0000:00:07.0: quirk: [io  0x4000-0x403f] claimed by PIIX4 ACPI
[    0.216013] pci 0000:00:07.0: quirk: [io  0x4100-0x410f] claimed by PIIX4 SMB
[    0.222527] ACPI: PCI Interrupt Link [LNKA] (IRQs 5 9 10 *11)
[    0.223824] ACPI: PCI Interrupt Link [LNKB] (IRQs 5 9 *10 11)
[    0.224108] ACPI: PCI Interrupt Link [LNKC] (IRQs 5 *9 10 11)
[    0.225038] ACPI: PCI Interrupt Link [LNKD] (IRQs 5 9 10 *11)
[    0.226285] SCSI subsystem initialized
[    0.226985] pci 0000:00:02.0: vgaarb: setting as boot VGA device
[    0.228000] pci 0000:00:02.0: vgaarb: VGA device added: decodes=io+mem,owns=io+mem,locks=none
[    0.228003] pci 0000:00:02.0: vgaarb: bridge control possible
[    0.228899] vgaarb: loaded
[    0.229373] ACPI: bus type USB registered
[    0.230082] usbcore: registered new interface driver usbfs
[    0.230949] usbcore: registered new interface driver hub
[    0.231793] usbcore: registered new device driver usb
[    0.232000] EDAC MC: Ver: 3.0.0
[    0.236221] PCI: Using ACPI for IRQ routing
[    0.237148] NetLabel: Initializing
[    0.237786] NetLabel:  domain hash size = 128
[    0.238553] NetLabel:  protocols = UNLABELED CIPSOv4 CALIPSO
[    0.239472] NetLabel:  unlabeled traffic allowed by default
[    0.240094] clocksource: Switched to clocksource kvm-clock
[    0.251668] VFS: Disk quotas dquot_6.6.0
[    0.252466] VFS: Dquot-cache hash table entries: 512 (order 0, 4096 bytes)
[    0.253648] AppArmor: AppArmor Filesystem Enabled
[    0.254454] pnp: PnP ACPI init
[    0.256014] pnp: PnP ACPI: found 3 devices
[    0.262308] clocksource: acpi_pm: mask: 0xffffff max_cycles: 0xffffff, max_idle_ns: 2085701024 ns
[    0.263819] NET: Registered protocol family 2
[    0.264617] IP idents hash table entries: 8192 (order: 4, 65536 bytes)
[    0.265767] TCP established hash table entries: 4096 (order: 3, 32768 bytes)
[    0.266772] TCP bind hash table entries: 4096 (order: 4, 65536 bytes)
[    0.267880] TCP: Hash tables configured (established 4096 bind 4096)
[    0.268989] UDP hash table entries: 256 (order: 1, 8192 bytes)
[    0.269854] UDP-Lite hash table entries: 256 (order: 1, 8192 bytes)
[    0.270903] NET: Registered protocol family 1
[    0.271603] pci 0000:00:00.0: Limiting direct PCI/PCI transfers
[    0.272679] pci 0000:00:01.0: Activating ISA DMA hang workarounds
[    0.273594] pci 0000:00:02.0: Video device with shadowed ROM at [mem 0x000c0000-0x000dffff]
[    0.275044] Unpacking initramfs...
[    0.526978] Freeing initrd memory: 20396K
[    0.535423] clocksource: tsc: mask: 0xffffffffffffffff max_cycles: 0x2c9552ffdee, max_idle_ns: 440795272868 ns
[    0.537090] platform rtc_cmos: registered platform RTC device (no PNP device found)
[    0.538375] Scanning for low memory corruption every 60 seconds
[    0.539829] Initialise system trusted keyrings
[    0.540624] Key type blacklist registered
[    0.541360] workingset: timestamp_bits=36 max_order=17 bucket_order=0
[    0.543439] zbud: loaded
[    0.544383] squashfs: version 4.0 (2009/01/31) Phillip Lougher
[    0.545514] fuse init (API version 7.26)
[    0.547186] Key type asymmetric registered
[    0.547914] Asymmetric key parser 'x509' registered
[    0.548745] Block layer SCSI generic (bsg) driver version 0.4 loaded (major 246)
[    0.549985] io scheduler noop registered
[    0.551738] io scheduler deadline registered
[    0.552567] io scheduler cfq registered (default)
[    0.552701] ACPI: AC Adapter [AC] (on-line)
[    0.554452] input: Power Button as /devices/LNXSYSTM:00/LNXPWRBN:00/input/input0
[    0.555572] ACPI: Power Button [PWRF]
[    0.556292] input: Sleep Button as /devices/LNXSYSTM:00/LNXSLPBN:00/input/input1
[    0.557467] ACPI: Sleep Button [SLPF]
[    0.558309] Serial: 8250/16550 driver, 32 ports, IRQ sharing enabled
[    0.579906] 00:02: ttyS0 at I/O 0x3f8 (irq = 4, base_baud = 115200) is a 16550A
[    0.582384] Linux agpgart interface v0.103
[    0.584049] loop: module loaded
[    0.585069] scsi host0: ata_piix
[    0.585653] scsi host1: ata_piix
[    0.586279] ata1: PATA max UDMA/33 cmd 0x1f0 ctl 0x3f6 bmdma 0xd000 irq 14
[    0.587320] ata2: PATA max UDMA/33 cmd 0x170 ctl 0x376 bmdma 0xd008 irq 15
[    0.588559] tun: Universal TUN/TAP device driver, 1.6
[    0.589382] PPP generic driver version 2.4.2
[    0.590230] ehci_hcd: USB 2.0 'Enhanced' Host Controller (EHCI) Driver
[    0.591165] ehci-pci: EHCI PCI platform driver
[    0.591970] ehci-platform: EHCI generic platform driver
[    0.592992] ohci_hcd: USB 1.1 'Open' Host Controller (OHCI) Driver
[    0.594086] ohci-pci: OHCI PCI platform driver
[    0.594810] ohci-platform: OHCI generic platform driver
[    0.595750] uhci_hcd: USB Universal Host Controller Interface driver
[    0.596771] i8042: PNP: PS/2 Controller [PNP0303:PS2K,PNP0f03:PS2M] at 0x60,0x64 irq 1,12
[    0.598487] serio: i8042 KBD port at 0x60,0x64 irq 1
[    0.599358] serio: i8042 AUX port at 0x60,0x64 irq 12
[    0.600224] mousedev: PS/2 mouse device common for all mice
[    0.601247] input: AT Translated Set 2 keyboard as /devices/platform/i8042/serio0/input/input2
[    0.603013] rtc_cmos rtc_cmos: rtc core: registered rtc_cmos as rtc0
[    0.603996] rtc_cmos rtc_cmos: alarms up to one day, 114 bytes nvram
[    0.605053] i2c /dev entries driver
[    0.605761] device-mapper: uevent: version 1.0.3
[    0.606497] device-mapper: ioctl: 4.37.0-ioctl (2017-09-20) initialised: dm-devel@redhat.com
[    0.607844] ledtrig-cpu: registered to indicate activity on CPUs
[    0.609058] NET: Registered protocol family 10
[    0.613010] Segment Routing with IPv6
[    0.613712] NET: Registered protocol family 17
[    0.614549] Key type dns_resolver registered
[    0.615281] mce: Using 0 MCE banks
[    0.615936] RAS: Correctable Errors collector initialized.
[    0.616854] sched_clock: Marking stable (616823813, 0)->(745672548, -128848735)
[    0.618107] registered taskstats version 1
[    0.618786] Loading compiled-in X.509 certificates
[    0.621790] Loaded X.509 cert 'Build time autogenerated kernel key: cdc7189136aaa35407544516090e2034d9c28e14'
[    0.623913] Loaded X.509 cert 'Canonical Ltd. Live Patch Signing: 14df34d1a87cf37625abec039ef2bf521249b969'
[    0.626162] Loaded X.509 cert 'Canonical Ltd. Kernel Module Signing: 88f752e560a1e0737e31163a466ad7b70a850c19'
[    0.627663] blacklist: Loading compiled-in revocation X.509 certificates
[    0.628724] Loaded X.509 cert 'Canonical Ltd. Secure Boot Signing: 61482aa2830d0ab2ad5af10b7250da9033ddcef0'
[    0.630297] Loaded X.509 cert 'Canonical Ltd. Secure Boot Signing (2017): 242ade75ac4a15e50d50c84b0d45ff3eae707a03'
[    0.631912] Loaded X.509 cert 'Canonical Ltd. Secure Boot Signing (ESM 2018): 365188c1d374d6b07c3c8f240f8ef722433d6a8b'
[    0.633528] Loaded X.509 cert 'Canonical Ltd. Secure Boot Signing (2019): c0746fd6c5da3ae827864651ad66ae47fe24b3e8'
[    0.635072] Loaded X.509 cert 'Canonical Ltd. Secure Boot Signing (2021 v1): a8d54bbb3825cfb94fa13c9f8a594a195c107b8d'
[    0.636663] Loaded X.509 cert 'Canonical Ltd. Secure Boot Signing (2021 v2): 4cf046892d6fd3c9a5b03f98d845f90851dc6a8c'
[    0.638330] Loaded X.509 cert 'Canonical Ltd. Secure Boot Signing (2021 v3): 100437bb6de6e469b581e61cd66bce3ef4ed53af'
[    0.639945] Loaded X.509 cert 'Canonical Ltd. Secure Boot Signing (Ubuntu Core 2019): c1d57b8f6b743f23ee41f4f7ee292f06eecadfb9'
[    0.641698] zswap: loaded using pool lzo/zbud
[    0.645180] Key type big_key registered
[    0.645862] Key type trusted registered
[    0.647927] Key type encrypted registered
[    0.648719] AppArmor: AppArmor sha1 policy hashing enabled
[    0.649555] ima: No TPM chip found, activating TPM-bypass! (rc=-19)
[    0.650544] ima: Allocated hash algorithm: sha1
[    0.651232] evm: HMAC attrs: 0x1
[    0.652087]   Magic number: 0:703:338
[    0.652714] tty tty59: hash matches
[    0.653391] rtc_cmos rtc_cmos: setting system clock to 2024-07-23 16:18:32 UTC (1721751512)
[    0.654762] BIOS EDD facility v0.16 2004-Jun-25, 0 devices found
[    0.655724] EDD information not available.
[    0.772248] Freeing unused kernel image memory: 2480K
[    0.780062] Write protecting the kernel read-only data: 20480k
[    0.781444] Freeing unused kernel image memory: 2008K
[    0.782484] Freeing unused kernel image memory: 1820K
[    0.793584] x86/mm: Checked W+X mappings: passed, no W+X pages found.
[    0.795146] x86/mm: Checking user space page tables
[    0.805227] x86/mm: Checked W+X mappings: passed, no W+X pages found.
Loading, please wait...
starting version 237
[    0.935674] e1000: Intel(R) PRO/1000 Network Driver - version 7.3.21-k8-NAPI
[    0.937061] e1000: Copyright (c) 1999-2006 Intel Corporation.
[    0.944598] Fusion MPT base driver 3.04.20
[    0.945411] Copyright (c) 1999-2008 LSI Corporation
[    0.949967] Fusion MPT SPI Host driver 3.04.20
[    0.981705] AVX version of gcm_enc/dec engaged.
[    0.982584] AES CTR mode by8 optimization enabled
[    1.161107] input: ImExPS/2 Generic Explorer Mouse as /devices/platform/i8042/serio1/input/input4
[    1.351894] e1000 0000:00:03.0 eth0: (PCI:33MHz:32-bit) 02:3b:7b:b7:3b:2d
[    1.353107] e1000 0000:00:03.0 eth0: Intel(R) PRO/1000 Network Connection
[    1.354883] mptbase: ioc0: Initiating bringup
[    1.460429] ioc0: LSI53C1030 A0: Capabilities={Initiator}
[    1.703335] scsi host2: ioc0: LSI53C1030 A0, FwRev=00000000h, Ports=1, MaxQ=256, IRQ=20
[    1.872679] scsi 2:0:0:0: Direct-Access     VBOX     HARDDISK         1.0  PQ: 0 ANSI: 5
[    1.875339] scsi target2:0:0: Beginning Domain Validation
[    1.883336] scsi target2:0:0: Domain Validation skipping write tests
[    1.885457] scsi target2:0:0: Ending Domain Validation
[    1.887138] scsi target2:0:0: asynchronous
[    1.889174] scsi 2:0:1:0: Direct-Access     VBOX     HARDDISK         1.0  PQ: 0 ANSI: 5
[    1.891758] scsi target2:0:1: Beginning Domain Validation
[    1.894743] scsi target2:0:1: Domain Validation skipping write tests
[    1.897354] scsi target2:0:1: Ending Domain Validation
[    1.899016] scsi target2:0:1: asynchronous
[    1.908967] sd 2:0:0:0: Attached scsi generic sg0 type 0
[    1.910957] sd 2:0:0:0: [sda] 83886080 512-byte logical blocks: (42.9 GB/40.0 GiB)
[    1.913833] sd 2:0:0:0: [sda] Write Protect is off
[    1.916611] sd 2:0:1:0: [sdb] 20480 512-byte logical blocks: (10.5 MB/10.0 MiB)
[    1.924146] sd 2:0:1:0: Attached scsi generic sg1 type 0
[    1.926273] sd 2:0:1:0: [sdb] Write Protect is off
[    1.928197] sd 2:0:0:0: [sda] Incomplete mode parameter data
[    1.930017] sd 2:0:0:0: [sda] Assuming drive cache: write through
[    1.931998] sd 2:0:1:0: [sdb] Incomplete mode parameter data
[    1.933887] sd 2:0:1:0: [sdb] Assuming drive cache: write through
[    1.988476]  sda: sda1
[    1.989641] sd 2:0:0:0: [sda] Attached SCSI disk
[    1.990593] sd 2:0:1:0: [sdb] Attached SCSI disk
[    2.287775] e1000 0000:00:08.0 eth1: (PCI:33MHz:32-bit) 08:00:27:c0:57:01
[    2.288922] e1000 0000:00:08.0 eth1: Intel(R) PRO/1000 Network Connection
[    2.291245] e1000 0000:00:08.0 enp0s8: renamed from eth1
[    2.293937] e1000 0000:00:03.0 enp0s3: renamed from eth0
Begin: Loading essential drivers ... [    3.723440] raid6: sse2x1   gen() 10547 MB/s
[    3.787329] raid6: sse2x1   xor()  7238 MB/s
[    3.858560] raid6: sse2x2   gen() 14255 MB/s
[    3.922605] raid6: sse2x2   xor()  8333 MB/s
[    3.986434] raid6: sse2x4   gen() 14603 MB/s
[    4.050075] raid6: sse2x4   xor()  9788 MB/s
[    4.050815] raid6: using algorithm sse2x4 gen() 14603 MB/s
[    4.051712] raid6: .... xor() 9788 MB/s, rmw enabled
[    4.052550] raid6: using ssse3x2 recovery algorithm
[    4.055241] xor: automatically using best checksumming function   avx       
[    4.058082] async_tx: api initialized (async)
done.
Begin: Running /scripts/init-premount ... done.
Begin: Mounting root file system ... Begin: Running /scripts/local-top ... done.
Begin: Running /scripts/local-premount ... [    4.118518] Btrfs loaded, crc32c=crc32c-intel
Scanning for Btrfs filesystems
done.
Begin: Will now check root file system ... fsck from util-linux 2.31.1
[/sbin/fsck.ext4 (1) -- /dev/sda1] fsck.ext4 -a -C0 /dev/sda1 
cloudimg-rootfs: clean, 110644/5120000 files, 1096107/10485499 blocks
done.
[    4.224314] EXT4-fs (sda1): mounted filesystem with ordered data mode. Opts: (null)
done.
Begin: Running /scripts/local-bottom ... done.
Begin: Running /scripts/init-bottom ... done.
[    5.662830] ip_tables: (C) 2000-2006 Netfilter Core Team
[    5.810950] systemd[1]: systemd 237 running in system mode. (+PAM +AUDIT +SELINUX +IMA +APPARMOR +SMACK +SYSVINIT +UTMP +LIBCRYPTSETUP +GCRYPT +GNUTLS +ACL +XZ +LZ4 +SECCOMP +BLKID +ELFUTILS +KMOD -IDN2 +IDN -PCRE2 default-hierarchy=hybrid)
[    5.817769] systemd[1]: Detected virtualization oracle.
[    5.819482] systemd[1]: Detected architecture x86-64.

Welcome to [1mUbuntu 18.04.6 LTS[0m!

[    5.869010] systemd[1]: Set hostname to <monitor-server>.
[    7.604521] systemd[1]: /usr/lib/systemd/system/grafana-server.service:28: Unknown lvalue 'ProtectClock' in section 'Service'
[    7.606380] systemd[1]: /usr/lib/systemd/system/grafana-server.service:31: Unknown lvalue 'ProtectHostname' in section 'Service'
[    7.608061] systemd[1]: /usr/lib/systemd/system/grafana-server.service:32: Unknown lvalue 'ProtectKernelLogs' in section 'Service'
[    7.609842] systemd[1]: /usr/lib/systemd/system/grafana-server.service:35: Unknown lvalue 'ProtectProc' in section 'Service'
[    7.692115] random: crng init done
[    7.825853] systemd[1]: Reached target User and Group Name Lookups.
[[0;32m  OK  [0m] Reached target User and Group Name Lookups.
[    7.829483] systemd[1]: Reached target Swap.
[[0;32m  OK  [0m] Reached target Swap.
[[0;32m  OK  [0m] Created slice System Slice.
[[0;32m  OK  [0m] Listening on Journal Audit Socket.
[[0;32m  OK  [0m] Listening on LVM2 poll daemon socket.
[[0;32m  OK  [0m] Listening on fsck to fsckd communication Socket.
[[0;32m  OK  [0m] Listening on Network Service Netlink Socket.
[[0;32m  OK  [0m] Listening on Device-mapper event daemon FIFOs.
[[0;32m  OK  [0m] Listening on udev Control Socket.
[[0;32m  OK  [0m] Listening on Journal Socket.
         Starting Create list of required st…ce nodes for the current kernel...
         Mounting POSIX Message Queue File System...
         Starting Load Kernel Modules...
         Starting Remount Root and Kernel File Systems...
[[0;32m  OK  [0m] Listening on LVM2 metadata daemon socket.
[[0;32m  OK  [0m] Listening on Syslog Socket.
         Starting Uncomplicated firewall...
         Mounting Huge Pages File System...
[[0;32m  OK  [0m] Listening on /dev/initctl Compatibility Named Pipe.
[[0;32m  OK  [0m] Listening on Journal Socket (/dev/log).
[[0;32m  OK  [0m] Listening on udev Kernel Socket.
         Starting udev Coldplug all Devices...
[[0;32m  OK  [0m] Reached target System Time Synchronized.
[[0;32m  OK  [0m] Started Forward Password Requests to Wall Directory Watch.
[[0;32m  OK  [0m] Set up automount Arbitrary Executab…rmats File System Automount Point.
[[0;32m  OK  [0m] Created slice system-serial\x2dgetty.slice.
         Starting Monitoring of LVM2 mirrors…ng dmeventd or progress polling...
[[0;32m  OK  [0m] Reached target Mounting snaps.
[[0;32m  OK  [0m] Reached target Mounted snaps.
[[0;32m  OK  [0m] Created slice User and Session Slice.
         Starting Journal Service...
[[0;32m  OK  [0m] Reached target Slices.
         Starting Set the console keyboard layout...
         Mounting Kernel Debug File System...
[[0;32m  OK  [0m] Started Create list of required sta…vice nodes for the current kernel.
[[0;32m  OK  [0m] Mounted POSIX Message Queue File System.
[[0;32m  OK  [0m] Started Uncomplicated firewall.
[[0;32m  OK  [0m] Mounted Huge Pages File System.
[[0;32m  OK  [0m] Mounted Kernel Debug File System.
         [    8.112000] Loading iSCSI transport class v2.0-870.
Starting Create Static Device Nodes in /dev...
[    8.130831] EXT4-fs (sda1): re-mounted. Opts: (null)
[[0;32m  OK  [0m] Started Remount Root and Kernel File Systems.
         Starting Load/Save Random Seed...
[[0;32m  OK  [0m] Started Journal Service.
[[0;32m  OK  [0m] Started udev Coldplug all Devices.
         Starting Flush Journal to Persistent Storage...
[    8.353007] iscsi: registered transport (tcp)
[    8.636415] systemd-journald[418]: Received request to flush runtime journal from PID 1
[[0;32m  OK  [0m] Started Load/Save Random Seed.
[[0;32m  OK  [0m] Started LVM2 metadata daemon.
[[0;32m  OK  [0m] Started Create Static Device Nodes in /dev.
         Starting udev Kernel Device Manager...
[[0;32m  OK  [0m] Started Set the console keyboard layout.
[    8.992704] iscsi: registered transport (iser)
[[0;32m  OK  [0m] Started Load Kernel Modules.
         Starting Apply Kernel Variables...
         Mounting FUSE Control File System...
         Mounting Kernel Configuration File System...
[[0;32m  OK  [0m] Mounted FUSE Control File System.
[[0;32m  OK  [0m] Mounted Kernel Configuration File System.
[[0;32m  OK  [0m] Started Monitoring of LVM2 mirrors,…sing dmeventd or progress polling.
[[0;32m  OK  [0m] Reached target Local File Systems (Pre).
[[0;32m  OK  [0m] Reached target Local File Systems.
         Starting Set console font and keymap...
         Starting AppArmor initialization...
         Starting Tell Plymouth To Write Out Runtime Data...
         Starting ebtables ruleset management...
[[0;32m  OK  [0m] Started Apply Kernel Variables.
[[0;32m  OK  [0m] Started udev Kernel Device Manager.
[[0;32m  OK  [0m] Started Dispatch Password Requests to Console Directory Watch.
[[0;32m  OK  [0m] Reached target Local Encrypted Volumes.
[[0;32m  OK  [0m] Started Set console font and keymap.
[[0;32m  OK  [0m] Started Tell Plymouth To Write Out Runtime Data.
[[0;32m  OK  [0m] Found device /dev/ttyS0.
[[0;32m  OK  [0m] Started ebtables ruleset management.
[[0;32m  OK  [0m] Listening on Load/Save RF Kill Switch Status /dev/rfkill Watch.
         Mounting Arbitrary Executable File Formats File System...
[[0;32m  OK  [0m] Mounted Arbitrary Executable File Formats File System.
[[0;32m  OK  [0m] Started Flush Journal to Persistent Storage.
         Starting Create Volatile Files and Directories...
[[0;32m  OK  [0m] Started AppArmor initialization.
         Starting Load AppArmor profiles managed internally by snapd...
[[0;32m  OK  [0m] Started Create Volatile Files and Directories.
         Starting Update UTMP about System Boot/Shutdown...
         Starting Initial cloud-init job (pre-networking)...
[[0;32m  OK  [0m] Started Load AppArmor profiles managed internally by snapd.
[[0;32m  OK  [0m] Started Update UTMP about System Boot/Shutdown.
[   18.023925] cloud-init[598]: Cloud-init v. 23.1.2-0ubuntu0~18.04.1 running 'init-local' at Tue, 23 Jul 2024 16:18:48 +0000. Up 17.10 seconds.
[[0;32m  OK  [0m] Started Initial cloud-init job (pre-networking).
[[0;32m  OK  [0m] Reached target Network (Pre).
         Starting Network Service...
[[0;32m  OK  [0m] Started Network Service.
         Starting Wait for Network to be Configured...
         Starting Network Name Resolution...
[[0;32m  OK  [0m] Started Network Name Resolution.
[[0;32m  OK  [0m] Reached target Network.
[[0;32m  OK  [0m] Reached target Host and Network Name Lookups.
[[0;32m  OK  [0m] Started Wait for Network to be Configured.
         Starting Initial cloud-init job (metadata service crawler)...
[   21.052368] cloud-init[735]: Cloud-init v. 23.1.2-0ubuntu0~18.04.1 running 'init' at Tue, 23 Jul 2024 16:18:52 +0000. Up 20.85 seconds.
[   21.053915] cloud-init[735]: ci-info: ++++++++++++++++++++++++++++++++++++++Net device info+++++++++++++++++++++++++++++++++++++++
[   21.055673] cloud-init[735]: ci-info: +--------+------+-----------------------------+---------------+--------+-------------------+
[   21.068246] cloud-init[735]: ci-info: | Device |  Up  |           Address           |      Mask     | Scope  |     Hw-Address    |
[   21.069290] cloud-init[735]: ci-info: +--------+------+-----------------------------+---------------+--------+-------------------+
[   21.070505] cloud-init[735]: ci-info: | enp0s3 | True |          10.0.2.15          | 255.255.255.0 | global | 02:3b:7b:b7:3b:2d |
[   21.074231] cloud-init[735]: ci-info: | enp0s3 | True |  fe80::3b:7bff:feb7:3b2d/64 |       .       |  link  | 02:3b:7b:b7:3b:2d |
[   21.075555] cloud-init[735]: ci-info: | enp0s8 | True |        192.168.57.52        | 255.255.255.0 | global | 08:00:27:c0:57:01 |
[   21.076756] cloud-init[735]: ci-info: | enp0s8 | True | fe80::a00:27ff:fec0:5701/64 |       .       |  link  | 08:00:27:c0:57:01 |
[   21.080223] cloud-init[735]: ci-info: |   lo   | True |          127.0.0.1          |   255.0.0.0   |  host  |         .         |
[   21.081331] cloud-init[735]: ci-info: |   lo   | True |           ::1/128           |       .       |  host  |         .         |
[   21.082600] cloud-init[735]: ci-info: +--------+------+-----------------------------+---------------+--------+-------------------+
[   21.084015] cloud-init[735]: ci-info: +++++++++++++++++++++++++++++Route IPv4 info+++++++++++++++++++++++++++++
[   21.087278] cloud-init[735]: ci-info: +-------+--------------+----------+-----------------+-----------+-------+
[   21.088333] cloud-init[735]: ci-info: | Route | Destination  | Gateway  |     Genmask     | Interface | Flags |
[   21.092161] cloud-init[735]: ci-info: +-------+--------------+----------+-----------------+-----------+-------+
[   21.093349] cloud-init[735]: ci-info: |   0   |   0.0.0.0    | 10.0.2.2 |     0.0.0.0     |   enp0s3  |   UG  |
[   21.094492] cloud-init[735]: ci-info: |   1   |   10.0.2.0   | 0.0.0.0  |  255.255.255.0  |   enp0s3  |   U   |
[   21.098927] cloud-init[735]: ci-info: |   2   |   10.0.2.2   | 0.0.0.0  | 255.255.255.255 |   enp0s3  |   UH  |
[   21.099791] cloud-init[735]: ci-info: |   3   | 192.168.57.0 | 0.0.0.0  |  255.255.255.0  |   enp0s8  |   U   |
[   21.100970] cloud-init[735]: ci-info: +-------+--------------+----------+-----------------+-----------+-------+
[   21.104142] cloud-init[735]: ci-info: +++++++++++++++++++Route IPv6 info+++++++++++++++++++
[   21.105181] cloud-init[735]: ci-info: +-------+-------------+---------+-----------+-------+
[   21.106329] cloud-init[735]: ci-info: | Route | Destination | Gateway | Interface | Flags |
[   21.111097] cloud-init[735]: ci-info: +-------+-------------+---------+-----------+-------+
[   21.111835] cloud-init[735]: ci-info: |   1   |  fe80::/64  |    ::   |   enp0s8  |   U   |
[   21.112888] cloud-init[735]: ci-info: |   2   |  fe80::/64  |    ::   |   enp0s3  |   U   |
[   21.116187] cloud-init[735]: ci-info: |   4   |    local    |    ::   |   enp0s3  |   U   |
[   21.116997] cloud-init[735]: ci-info: |   5   |    local    |    ::   |   enp0s8  |   U   |
[   21.117965] cloud-init[735]: ci-info: |   6   |   ff00::/8  |    ::   |   enp0s8  |   U   |
[   21.118891] cloud-init[735]: ci-info: |   7   |   ff00::/8  |    ::   |   enp0s3  |   U   |
[   21.120114] cloud-init[735]: ci-info: +-------+-------------+---------+-----------+-------+
[[0;32m  OK  [0m] Started Initial cloud-init job (metadata service crawler).
[[0;32m  OK  [0m] Reached target Cloud-config availability.
[[0;32m  OK  [0m] Reached target Network is Online.
[[0;32m  OK  [0m] Reached target Remote File Systems (Pre).
         Starting Availability of block devices...
         Mounting /vagrant...
[[0;32m  OK  [0m] Reached target System Initialization.
[[0;32m  OK  [0m] Listening on ACPID Listen Socket.
[[0;32m  OK  [0m] Started Ubuntu Advantage Timer for running repeated jobs.
[[0;32m  OK  [0m] Started Daily apt download activities.
         Starting LXD - unix socket.
[[0;32m  OK  [0m] Listening on cloud-init hotplug hook socket.
[[0;32m  OK  [0m] Started Message of the Day.
[[0;32m  OK  [0m] Started Daily Cleanup of Temporary Directories.
         Starting Socket activation for snappy daemon.
[[0;32m  OK  [0m] Started ACPI Events Check.
[[0;32m  OK  [0m] Reached target Paths.
[[0;32m  OK  [0m] Started Discard unused blocks once a week.
[[0;32m  OK  [0m] Listening on D-Bus System Message Bus Socket.
[[0;32m  OK  [0m] Listening on UUID daemon activation socket.
[[0;32m  OK  [0m] Listening on Open-iSCSI iscsid Socket.
[[0;32m  OK  [0m] Started Daily apt upgrade and clean activities.
[[0;32m  OK  [0m] Reached target Timers.
[[0;32m  OK  [0m] Started Availability of block devices.
[[0;32m  OK  [0m] Listening on LXD - unix socket.
[[0;32m  OK  [0m] Listening on Socket activation for snappy daemon.
[[0;32m  OK  [0m] Reached target Sockets.
[[0;32m  OK  [0m] Reached target Basic System.
[[0;32m  OK  [0m] Started Grafana instance.
[[0;32m  OK  [0m] Started irqbalance daemon.
[[0;32m  OK  [0m] Started Deferred execution scheduler.
[[0;32m  OK  [0m] Started FUSE filesystem for LXC.
         Starting Accounts Service...
         Starting OpenBSD Secure Shell server...
[[0;32m  OK  [0m] Started D-Bus System Message Bus.
         Starting LXD - container startup/shutdown...
         Starting Message of the Day...
[[0;32m  OK  [0m] Started Prometheus.
[[0;32m  OK  [0m] Reached target Login Prompts (Pre).
         Starting Snap Daemon...
         Starting Login Service...
         Starting LSB: Record successful boot for GRUB...
[[0;32m  OK  [0m] Started Regular background program processing daemon.
[[0;32m  OK  [0m] Started Node Exporter.
         Starting Dispatcher daemon for systemd-networkd...
         Starting System Logging Service...
         Starting Virtualbox guest utils...
[[0;32m  OK  [0m] Mounted /vagrant.
[[0;32m  OK  [0m] Started Login Service.
         Starting Authorization Manager...
[[0;32m  OK  [0m] Started Unattended Upgrades Shutdown.
[[0;32m  OK  [0m] Reached target Remote File Systems.
         Starting Permit User Sessions...
         Starting LSB: automatic crash report generation...
[[0;32m  OK  [0m] Started Permit User Sessions.
         Starting Hold until boot process finishes up...
         Starting Terminate Plymouth Boot Screen...
[[0;32m  OK  [0m] Started Hold until boot process finishes up.
[[0;32m  OK  [0m] Started Serial Getty on ttyS0.
         Starting Set console scheme...
[[0;32m  OK  [0m] Started Terminate Plymouth Boot Screen.
[[0;32m  OK  [0m] Started OpenBSD Secure Shell server.
[[0;32m  OK  [0m] Started Set console scheme.
[[0;32m  OK  [0m] Created slice system-getty.slice.
[[0;32m  OK  [0m] Started Getty on tty1.
[[0;32m  OK  [0m] Reached target Login Prompts.
[[0;32m  OK  [0m] Started LSB: Record successful boot for GRUB.
[[0;32m  OK  [0m] Started System Logging Service.
[[0;32m  OK  [0m] Started LSB: automatic crash report generation.
[[0;32m  OK  [0m] Started Authorization Manager.
[[0;32m  OK  [0m] Started Accounts Service.
[[0;32m  OK  [0m] Started Virtualbox guest utils.
[[0;32m  OK  [0m] Started Dispatcher daemon for systemd-networkd.

Ubuntu 18.04.6 LTS monitor-server ttyS0

monitor-server login: [   63.970466] cloud-init[1511]: Cloud-init v. 23.1.2-0ubuntu0~18.04.1 running 'modules:config' at Tue, 23 Jul 2024 16:19:34 +0000. Up 62.73 seconds.
[   77.699955] cloud-init[2059]: Cloud-init v. 23.1.2-0ubuntu0~18.04.1 running 'modules:final' at Tue, 23 Jul 2024 16:19:46 +0000. Up 75.11 seconds.
[   77.701931] cloud-init[2059]: Cloud-init v. 23.1.2-0ubuntu0~18.04.1 finished at Tue, 23 Jul 2024 16:19:49 +0000. Datasource DataSourceNoCloud [seed=/dev/sdb][dsmode=net].  Up 77.57 seconds
